<?xml version="1.0" encoding="UTF-8"?>
<!-- Generated by org.testng.reporters.JUnitReportReporter -->
<testsuite hostname="DESKTOP-TD8A7VK" failures="0" tests="2" name="Test.day2" time="0.009" errors="0" timestamp="2021-07-17T19:46:15 IST" skipped="0">
  <testcase classname="Test.day2" name="loan" time="0.001"/>
  <system-out/>
  <testcase classname="Test.day2" name="Aloan" time="0.008"/>
  <system-out/>
</testsuite> <!-- Test.day2 -->
