<?xml version="1.0" encoding="UTF-8"?>
<!-- Generated by org.testng.reporters.JUnitReportReporter -->
<testsuite hostname="DESKTOP-TD8A7VK" failures="0" tests="1" name="Test.day1" time="0.008" errors="0" timestamp="2021-07-17T19:46:15 IST" skipped="0">
  <testcase classname="Test.day1" name="test" time="0.008"/>
  <system-out/>
</testsuite> <!-- Test.day1 -->
