<?xml version="1.0" encoding="UTF-8"?>
<!-- Generated by org.testng.reporters.JUnitReportReporter -->
<testsuite hostname="DESKTOP-TD8A7VK" failures="0" tests="5" name="Test.day3" time="0.013" errors="0" timestamp="2021-07-17T19:46:15 IST" skipped="0">
  <testcase classname="Test.day3" name="DataPro" time="0.002"/>
  <system-out/>
  <testcase classname="Test.day3" name="APIcarloan" time="0.001"/>
  <system-out/>
  <testcase classname="Test.day3" name="DataPro" time="0.002"/>
  <system-out/>
  <testcase classname="Test.day3" name="Webcarloan" time="0.006"/>
  <system-out/>
  <testcase classname="Test.day3" name="DataPro" time="0.002"/>
  <system-out/>
</testsuite> <!-- Test.day3 -->
