<?xml version="1.0" encoding="UTF-8"?>
<!-- Generated by org.testng.reporters.JUnitReportReporter -->
<testsuite hostname="DESKTOP-TD8A7VK" failures="0" tests="3" name="Test.day4" time="0.005" errors="0" timestamp="2021-07-17T19:46:15 IST" skipped="0">
  <testcase classname="Test.day4" name="Webloginhomeloan" time="0.001"/>
  <system-out/>
  <testcase classname="Test.day4" name="Mobileloginhomeloan" time="0.003"/>
  <system-out/>
  <testcase classname="Test.day4" name="APILoginhomeloan" time="0.001"/>
  <system-out/>
</testsuite> <!-- Test.day4 -->
